#
# A fatal error has been detected by the Java Runtime Environment:
#
#  SIGSEGV (0xb) at pc=0x00007f8d5c9ca0bd, pid=2620, tid=2642
#
# JRE version: Java(TM) SE Runtime Environment (10.0.1+10) (build 10.0.1+10)
# Java VM: Java HotSpot(TM) 64-Bit Server VM (10.0.1+10, mixed mode, tiered, compressed oops, g1 gc, linux-amd64)
# Problematic frame:
# V  [libjvm.so+0x86f0bd]  PhaseIFG::SquareUp()+0xdd
#
# Core dump will be written. Default location: Core dumps may be processed with "/usr/share/apport/apport %p %s %c %d %P" (or dumping to /home/computerscience/eclipse-workspace/frogger/core.2620)
#
# If you would like to submit a bug report, please visit:
#   http://bugreport.java.com/bugreport/crash.jsp
#

---------------  S U M M A R Y ------------

Command Line: -Dfile.encoding=UTF-8 frogger.Runner

Host: Intel(R) Core(TM) i5-4430 CPU @ 3.00GHz, 4 cores, 7G, Ubuntu 18.04.1 LTS
Time: Tue Feb 26 13:01:27 2019 PST elapsed time: 2 seconds (0d 0h 0m 2s)

---------------  T H R E A D  ---------------

Current thread (0x00007f8d5414c000):  JavaThread "C2 CompilerThread1" daemon [_thread_in_native, id=2642, stack(0x00007f8d38d67000,0x00007f8d38e68000)]


Current CompileTask:
C2:   2058  894   !   4       sun.java2d.SunGraphics2D::drawImage (150 bytes)

Stack: [0x00007f8d38d67000,0x00007f8d38e68000],  sp=0x00007f8d38e63610,  free space=1009k
Native frames: (J=compiled Java code, A=aot compiled Java code, j=interpreted, Vv=VM code, C=native code)
V  [libjvm.so+0x86f0bd]  PhaseIFG::SquareUp()+0xdd
V  [libjvm.so+0x5a017a]  PhaseChaitin::Register_Allocate()+0x6ba
V  [libjvm.so+0x656c6b]  Compile::Code_Gen()+0x1db
V  [libjvm.so+0x65ad16]  Compile::Compile(ciEnv*, C2Compiler*, ciMethod*, int, bool, bool, bool, DirectiveSet*)+0x1116
V  [libjvm.so+0x57df72]  C2Compiler::compile_method(ciEnv*, ciMethod*, int, DirectiveSet*)+0x1d2
V  [libjvm.so+0x663207]  CompileBroker::invoke_compiler_on_method(CompileTask*)+0x3e7
V  [libjvm.so+0x66437b]  CompileBroker::compiler_thread_loop()+0x28b
V  [libjvm.so+0xd940e8]  JavaThread::thread_main_inner()+0x108
V  [libjvm.so+0xd9426e]  JavaThread::run()+0x13e
V  [libjvm.so+0xc05342]  thread_native_entry(Thread*)+0xf2
C  [libpthread.so.0+0x76db]  start_thread+0xdb


siginfo: si_signo: 11 (SIGSEGV), si_code: 1 (SEGV_MAPERR), si_addr: 0x0000000000000048

Register to memory mapping:

RAX=0x0000000000000000 is an unknown value
RBX=0x00007f8d38e63620 is pointing into the stack for thread: 0x00007f8d5414c000
RCX=0x0000000000000005 is an unknown value
RDX=0x00007f8cf0acb240 is an unknown value
RSP=0x00007f8d38e63610 is pointing into the stack for thread: 0x00007f8d5414c000
RBP=0x00007f8d38e63690 is pointing into the stack for thread: 0x00007f8d5414c000
RSI=0x0000000000000048 is an unknown value
RDI=0x0000000000002d8a is an unknown value
R8 =0x0000000000000600 is an unknown value
R9 =0x0000000000000000 is an unknown value
R10=0x0000000000000000 is an unknown value
R11=0x0000000000000000 is an unknown value
R12=0x0000000000000010 is an unknown value
R13=0x0000000000000400 is an unknown value
R14=0x000000000000098a is an unknown value
R15=0x00007f8d38e63750 is pointing into the stack for thread: 0x00007f8d5414c000


Registers:
RAX=0x0000000000000000, RBX=0x00007f8d38e63620, RCX=0x0000000000000005, RDX=0x00007f8cf0acb240
RSP=0x00007f8d38e63610, RBP=0x00007f8d38e63690, RSI=0x0000000000000048, RDI=0x0000000000002d8a
R8 =0x0000000000000600, R9 =0x0000000000000000, R10=0x0000000000000000, R11=0x0000000000000000
R12=0x0000000000000010, R13=0x0000000000000400, R14=0x000000000000098a, R15=0x00007f8d38e63750
RIP=0x00007f8d5c9ca0bd, EFLAGS=0x0000000000010202, CSGSFS=0x002b000000000033, ERR=0x0000000000000004
  TRAPNO=0x000000000000000e

Top of Stack: (sp=0x00007f8d38e63610)
0x00007f8d38e63610:   00007f8cf0963240 0000000000000048
0x00007f8d38e63620:   00002d8a00000001 00007f8d00000005
0x00007f8d38e63630:   00007f8cf0be6ce0 00007f8d0000002e
0x00007f8d38e63640:   00007f8cf0ed69c0 00007f8c02000024 

Instructions: (pc=0x00007f8d5c9ca0bd)
0x00007f8d5c9ca09d:   74 5d 45 85 f6 49 8b 57 10 74 a8 89 c0 48 8b 75
0x00007f8d5c9ca0ad:   88 48 8d 04 80 48 c1 e0 05 48 01 c2 48 8b 42 08
0x00007f8d5c9ca0bd:   48 8b 04 30 48 3b 05 58 ae b5 00 74 54 4c 01 e0
0x00007f8d5c9ca0cd:   8b 08 89 ce 44 09 ee 44 85 e9 89 30 0f 85 71 ff 


---------------  P R O C E S S  ---------------

Threads class SMR info:
_java_thread_list=0x00007f8d541e6610, length=15, elements={
0x00007f8d54134000, 0x00007f8d54136800, 0x00007f8d5413f800, 0x00007f8d5414a000,
0x00007f8d5414c000, 0x00007f8d5414e000, 0x00007f8d54150000, 0x00007f8d541e4800,
0x00007f8d541ef000, 0x00007f8d54328000, 0x00007f8d543ee000, 0x00007f8d54500000,
0x00007f8d54502000, 0x00007f8d54508800, 0x00007f8d54011800
}

Java Threads: ( => current thread )
  0x00007f8d54134000 JavaThread "Reference Handler" daemon [_thread_blocked, id=2638, stack(0x00007f8d39b3a000,0x00007f8d39c3b000)]
  0x00007f8d54136800 JavaThread "Finalizer" daemon [_thread_blocked, id=2639, stack(0x00007f8d39a39000,0x00007f8d39b3a000)]
  0x00007f8d5413f800 JavaThread "Signal Dispatcher" daemon [_thread_blocked, id=2640, stack(0x00007f8d38f69000,0x00007f8d3906a000)]
  0x00007f8d5414a000 JavaThread "C2 CompilerThread0" daemon [_thread_in_native, id=2641, stack(0x00007f8d38e68000,0x00007f8d38f69000)]
=>0x00007f8d5414c000 JavaThread "C2 CompilerThread1" daemon [_thread_in_native, id=2642, stack(0x00007f8d38d67000,0x00007f8d38e68000)]
  0x00007f8d5414e000 JavaThread "C1 CompilerThread2" daemon [_thread_in_vm, id=2643, stack(0x00007f8d38c66000,0x00007f8d38d67000)]
  0x00007f8d54150000 JavaThread "Sweeper thread" daemon [_thread_blocked, id=2644, stack(0x00007f8d38b65000,0x00007f8d38c66000)]
  0x00007f8d541e4800 JavaThread "Service Thread" daemon [_thread_blocked, id=2645, stack(0x00007f8d38a64000,0x00007f8d38b65000)]
  0x00007f8d541ef000 JavaThread "Common-Cleaner" daemon [_thread_blocked, id=2646, stack(0x00007f8d38963000,0x00007f8d38a64000)]
  0x00007f8d54328000 JavaThread "Java2D Disposer" daemon [_thread_blocked, id=2651, stack(0x00007f8d3806a000,0x00007f8d3816b000)]
  0x00007f8d543ee000 JavaThread "AWT-XAWT" daemon [_thread_in_native, id=2652, stack(0x00007f8cd88fd000,0x00007f8cd89fe000)]
  0x00007f8d54500000 JavaThread "AWT-Shutdown" [_thread_blocked, id=2653, stack(0x00007f8d1c09e000,0x00007f8d1c19f000)]
  0x00007f8d54502000 JavaThread "AWT-EventQueue-0" [_thread_in_native_trans, id=2654, stack(0x00007f8cd8a60000,0x00007f8cd8b61000)]
  0x00007f8d54508800 JavaThread "TimerQueue" daemon [_thread_blocked, id=2655, stack(0x00007f8cd85fc000,0x00007f8cd86fd000)]
  0x00007f8d54011800 JavaThread "DestroyJavaVM" [_thread_blocked, id=2622, stack(0x00007f8d5e317000,0x00007f8d5e418000)]

Other Threads:
  0x00007f8d5412a800 VMThread "VM Thread" [stack: 0x00007f8d58090000,0x00007f8d58190000] [id=2637]
  0x00007f8d541f2800 WatcherThread [stack: 0x00007f8d38863000,0x00007f8d38963000] [id=2647]
  0x00007f8d5402a000 GCTaskThread "GC Thread#0" [stack: 0x00007f8d5a82f000,0x00007f8d5a92f000] [id=2626]
  0x00007f8d5402b800 GCTaskThread "GC Thread#1" [stack: 0x00007f8d5a72d000,0x00007f8d5a82d000] [id=2627]
  0x00007f8d5402d800 GCTaskThread "GC Thread#2" [stack: 0x00007f8d5a62b000,0x00007f8d5a72b000] [id=2628]
  0x00007f8d5402f000 GCTaskThread "GC Thread#3" [stack: 0x00007f8d5a529000,0x00007f8d5a629000] [id=2629]
  0x00007f8d54058800 ConcurrentGCThread "G1 Main Marker" [stack: 0x00007f8d5949b000,0x00007f8d5959b000] [id=2630]
  0x00007f8d5405a800 ConcurrentGCThread "G1 Conc#0" [stack: 0x00007f8d59399000,0x00007f8d59499000] [id=2631]
  0x00007f8d540c2800 ConcurrentGCThread "G1 Refine#0" [stack: 0x00007f8d58e93000,0x00007f8d58f93000] [id=2632]
  0x00007f8d540c4000 ConcurrentGCThread "G1 Refine#1" [stack: 0x00007f8d58d91000,0x00007f8d58e91000] [id=2633]
  0x00007f8d540c6000 ConcurrentGCThread "G1 Refine#2" [stack: 0x00007f8d58c8f000,0x00007f8d58d8f000] [id=2634]
  0x00007f8d540c7800 ConcurrentGCThread "G1 Refine#3" [stack: 0x00007f8d58b8d000,0x00007f8d58c8d000] [id=2635]
  0x00007f8d540c9800 ConcurrentGCThread "G1 Young RemSet Sampling" [stack: 0x00007f8d58a8b000,0x00007f8d58b8b000] [id=2636]

Threads with active compile tasks:
C2 CompilerThread0 893       4       sun.java2d.pipe.DrawImage::copyImage (60 bytes)
C2 CompilerThread1 894   !   4       sun.java2d.SunGraphics2D::drawImage (150 bytes)
C1 CompilerThread21002   !   3       sun.java2d.xr.XrSwToPMBlit::Blit (118 bytes)

VM state:not at safepoint (normal execution)

VM Mutex/Monitor currently owned by a thread: None

Heap address: 0x0000000085000000, size: 1968 MB, Compressed Oops mode: 32-bit
Narrow klass base: 0x0000000000000000, Narrow klass shift: 3
Compressed class space size: 1073741824 Address: 0x0000000100000000

Heap:
 garbage-first heap   total 126976K, used 11264K [0x0000000085000000, 0x0000000100000000)
  region size 1024K, 12 young (12288K), 0 survivors (0K)
 Metaspace       used 13811K, capacity 14215K, committed 14592K, reserved 1062912K
  class space    used 1321K, capacity 1518K, committed 1536K, reserved 1048576K
Heap Regions: E=young(eden), S=young(survivor), O=old, HS=humongous(starts), HC=humongous(continues), CS=collection set, F=free, A=archive, TS=gc time stamp, AC=allocation context, TAMS=top-at-mark-start (previous, next)
|   0|0x0000000085000000, 0x0000000085000000, 0x0000000085100000|  0%| F|  |TS  0|AC  0|TAMS 0x0000000085000000, 0x0000000085000000|
|   1|0x0000000085100000, 0x0000000085100000, 0x0000000085200000|  0%| F|  |TS  0|AC  0|TAMS 0x0000000085100000, 0x0000000085100000|
|   2|0x0000000085200000, 0x0000000085200000, 0x0000000085300000|  0%| F|  |TS  0|AC  0|TAMS 0x0000000085200000, 0x0000000085200000|
|   3|0x0000000085300000, 0x0000000085300000, 0x0000000085400000|  0%| F|  |TS  0|AC  0|TAMS 0x0000000085300000, 0x0000000085300000|
|   4|0x0000000085400000, 0x0000000085400000, 0x0000000085500000|  0%| F|  |TS  0|AC  0|TAMS 0x0000000085400000, 0x0000000085400000|
|   5|0x0000000085500000, 0x0000000085500000, 0x0000000085600000|  0%| F|  |TS  0|AC  0|TAMS 0x0000000085500000, 0x0000000085500000|
|   6|0x0000000085600000, 0x0000000085600000, 0x0000000085700000|  0%| F|  |TS  0|AC  0|TAMS 0x0000000085600000, 0x0000000085600000|
|   7|0x0000000085700000, 0x0000000085700000, 0x0000000085800000|  0%| F|  |TS  0|AC  0|TAMS 0x0000000085700000, 0x0000000085700000|
|   8|0x0000000085800000, 0x0000000085800000, 0x0000000085900000|  0%| F|  |TS  0|AC  0|TAMS 0x0000000085800000, 0x0000000085800000|
|   9|0x0000000085900000, 0x0000000085900000, 0x0000000085a00000|  0%| F|  |TS  0|AC  0|TAMS 0x0000000085900000, 0x0000000085900000|
|  10|0x0000000085a00000, 0x0000000085a00000, 0x0000000085b00000|  0%| F|  |TS  0|AC  0|TAMS 0x0000000085a00000, 0x0000000085a00000|
|  11|0x0000000085b00000, 0x0000000085b00000, 0x0000000085c00000|  0%| F|  |TS  0|AC  0|TAMS 0x0000000085b00000, 0x0000000085b00000|
|  12|0x0000000085c00000, 0x0000000085c00000, 0x0000000085d00000|  0%| F|  |TS  0|AC  0|TAMS 0x0000000085c00000, 0x0000000085c00000|
|  13|0x0000000085d00000, 0x0000000085d00000, 0x0000000085e00000|  0%| F|  |TS  0|AC  0|TAMS 0x0000000085d00000, 0x0000000085d00000|
|  14|0x0000000085e00000, 0x0000000085e00000, 0x0000000085f00000|  0%| F|  |TS  0|AC  0|TAMS 0x0000000085e00000, 0x0000000085e00000|
|  15|0x0000000085f00000, 0x0000000085f00000, 0x0000000086000000|  0%| F|  |TS  0|AC  0|TAMS 0x0000000085f00000, 0x0000000085f00000|
|  16|0x0000000086000000, 0x0000000086000000, 0x0000000086100000|  0%| F|  |TS  0|AC  0|TAMS 0x0000000086000000, 0x0000000086000000|
|  17|0x0000000086100000, 0x0000000086100000, 0x0000000086200000|  0%| F|  |TS  0|AC  0|TAMS 0x0000000086100000, 0x0000000086100000|
|  18|0x0000000086200000, 0x0000000086200000, 0x0000000086300000|  0%| F|  |TS  0|AC  0|TAMS 0x0000000086200000, 0x0000000086200000|
|  19|0x0000000086300000, 0x0000000086300000, 0x0000000086400000|  0%| F|  |TS  0|AC  0|TAMS 0x0000000086300000, 0x0000000086300000|
|  20|0x0000000086400000, 0x0000000086400000, 0x0000000086500000|  0%| F|  |TS  0|AC  0|TAMS 0x0000000086400000, 0x0000000086400000|
|  21|0x0000000086500000, 0x0000000086500000, 0x0000000086600000|  0%| F|  |TS  0|AC  0|TAMS 0x0000000086500000, 0x0000000086500000|
|  22|0x0000000086600000, 0x0000000086600000, 0x0000000086700000|  0%| F|  |TS  0|AC  0|TAMS 0x0000000086600000, 0x0000000086600000|
|  23|0x0000000086700000, 0x0000000086700000, 0x0000000086800000|  0%| F|  |TS  0|AC  0|TAMS 0x0000000086700000, 0x0000000086700000|
|  24|0x0000000086800000, 0x0000000086800000, 0x0000000086900000|  0%| F|  |TS  0|AC  0|TAMS 0x0000000086800000, 0x0000000086800000|
|  25|0x0000000086900000, 0x0000000086900000, 0x0000000086a00000|  0%| F|  |TS  0|AC  0|TAMS 0x0000000086900000, 0x0000000086900000|
|  26|0x0000000086a00000, 0x0000000086a00000, 0x0000000086b00000|  0%| F|  |TS  0|AC  0|TAMS 0x0000000086a00000, 0x0000000086a00000|
|  27|0x0000000086b00000, 0x0000000086b00000, 0x0000000086c00000|  0%| F|  |TS  0|AC  0|TAMS 0x0000000086b00000, 0x0000000086b00000|
|  28|0x0000000086c00000, 0x0000000086c00000, 0x0000000086d00000|  0%| F|  |TS  0|AC  0|TAMS 0x0000000086c00000, 0x0000000086c00000|
|  29|0x0000000086d00000, 0x0000000086d00000, 0x0000000086e00000|  0%| F|  |TS  0|AC  0|TAMS 0x0000000086d00000, 0x0000000086d00000|
|  30|0x0000000086e00000, 0x0000000086e00000, 0x0000000086f00000|  0%| F|  |TS  0|AC  0|TAMS 0x0000000086e00000, 0x0000000086e00000|
|  31|0x0000000086f00000, 0x0000000086f00000, 0x0000000087000000|  0%| F|  |TS  0|AC  0|TAMS 0x0000000086f00000, 0x0000000086f00000|
|  32|0x0000000087000000, 0x0000000087000000, 0x0000000087100000|  0%| F|  |TS  0|AC  0|TAMS 0x0000000087000000, 0x0000000087000000|
|  33|0x0000000087100000, 0x0000000087100000, 0x0000000087200000|  0%| F|  |TS  0|AC  0|TAMS 0x0000000087100000, 0x0000000087100000|
|  34|0x0000000087200000, 0x0000000087200000, 0x0000000087300000|  0%| F|  |TS  0|AC  0|TAMS 0x0000000087200000, 0x0000000087200000|
|  35|0x0000000087300000, 0x0000000087300000, 0x0000000087400000|  0%| F|  |TS  0|AC  0|TAMS 0x0000000087300000, 0x0000000087300000|
|  36|0x0000000087400000, 0x0000000087400000, 0x0000000087500000|  0%| F|  |TS  0|AC  0|TAMS 0x0000000087400000, 0x0000000087400000|
|  37|0x0000000087500000, 0x0000000087500000, 0x0000000087600000|  0%| F|  |TS  0|AC  0|TAMS 0x0000000087500000, 0x0000000087500000|
|  38|0x0000000087600000, 0x0000000087600000, 0x0000000087700000|  0%| F|  |TS  0|AC  0|TAMS 0x0000000087600000, 0x0000000087600000|
|  39|0x0000000087700000, 0x0000000087700000, 0x0000000087800000|  0%| F|  |TS  0|AC  0|TAMS 0x0000000087700000, 0x0000000087700000|
|  40|0x0000000087800000, 0x0000000087800000, 0x0000000087900000|  0%| F|  |TS  0|AC  0|TAMS 0x0000000087800000, 0x0000000087800000|
|  41|0x0000000087900000, 0x0000000087900000, 0x0000000087a00000|  0%| F|  |TS  0|AC  0|TAMS 0x0000000087900000, 0x0000000087900000|
|  42|0x0000000087a00000, 0x0000000087a00000, 0x0000000087b00000|  0%| F|  |TS  0|AC  0|TAMS 0x0000000087a00000, 0x0000000087a00000|
|  43|0x0000000087b00000, 0x0000000087b00000, 0x0000000087c00000|  0%| F|  |TS  0|AC  0|TAMS 0x0000000087b00000, 0x0000000087b00000|
|  44|0x0000000087c00000, 0x0000000087c00000, 0x0000000087d00000|  0%| F|  |TS  0|AC  0|TAMS 0x0000000087c00000, 0x0000000087c00000|
|  45|0x0000000087d00000, 0x0000000087d00000, 0x0000000087e00000|  0%| F|  |TS  0|AC  0|TAMS 0x0000000087d00000, 0x0000000087d00000|
|  46|0x0000000087e00000, 0x0000000087e00000, 0x0000000087f00000|  0%| F|  |TS  0|AC  0|TAMS 0x0000000087e00000, 0x0000000087e00000|
|  47|0x0000000087f00000, 0x0000000087f00000, 0x0000000088000000|  0%| F|  |TS  0|AC  0|TAMS 0x0000000087f00000, 0x0000000087f00000|
|  48|0x0000000088000000, 0x0000000088000000, 0x0000000088100000|  0%| F|  |TS  0|AC  0|TAMS 0x0000000088000000, 0x0000000088000000|
|  49|0x0000000088100000, 0x0000000088100000, 0x0000000088200000|  0%| F|  |TS  0|AC  0|TAMS 0x0000000088100000, 0x0000000088100000|
|  50|0x0000000088200000, 0x0000000088200000, 0x0000000088300000|  0%| F|  |TS  0|AC  0|TAMS 0x0000000088200000, 0x0000000088200000|
|  51|0x0000000088300000, 0x0000000088300000, 0x0000000088400000|  0%| F|  |TS  0|AC  0|TAMS 0x0000000088300000, 0x0000000088300000|
|  52|0x0000000088400000, 0x0000000088400000, 0x0000000088500000|  0%| F|  |TS  0|AC  0|TAMS 0x0000000088400000, 0x0000000088400000|
|  53|0x0000000088500000, 0x0000000088500000, 0x0000000088600000|  0%| F|  |TS  0|AC  0|TAMS 0x0000000088500000, 0x0000000088500000|
|  54|0x0000000088600000, 0x0000000088600000, 0x0000000088700000|  0%| F|  |TS  0|AC  0|TAMS 0x0000000088600000, 0x0000000088600000|
|  55|0x0000000088700000, 0x0000000088700000, 0x0000000088800000|  0%| F|  |TS  0|AC  0|TAMS 0x0000000088700000, 0x0000000088700000|
|  56|0x0000000088800000, 0x0000000088800000, 0x0000000088900000|  0%| F|  |TS  0|AC  0|TAMS 0x0000000088800000, 0x0000000088800000|
|  57|0x0000000088900000, 0x0000000088900000, 0x0000000088a00000|  0%| F|  |TS  0|AC  0|TAMS 0x0000000088900000, 0x0000000088900000|
|  58|0x0000000088a00000, 0x0000000088a00000, 0x0000000088b00000|  0%| F|  |TS  0|AC  0|TAMS 0x0000000088a00000, 0x0000000088a00000|
|  59|0x0000000088b00000, 0x0000000088b00000, 0x0000000088c00000|  0%| F|  |TS  0|AC  0|TAMS 0x0000000088b00000, 0x0000000088b00000|
|  60|0x0000000088c00000, 0x0000000088c00000, 0x0000000088d00000|  0%| F|  |TS  0|AC  0|TAMS 0x0000000088c00000, 0x0000000088c00000|
|  61|0x0000000088d00000, 0x0000000088d00000, 0x0000000088e00000|  0%| F|  |TS  0|AC  0|TAMS 0x0000000088d00000, 0x0000000088d00000|
|  62|0x0000000088e00000, 0x0000000088e00000, 0x0000000088f00000|  0%| F|  |TS  0|AC  0|TAMS 0x0000000088e00000, 0x0000000088e00000|
|  63|0x0000000088f00000, 0x0000000088f00000, 0x0000000089000000|  0%| F|  |TS  0|AC  0|TAMS 0x0000000088f00000, 0x0000000088f00000|
|  64|0x0000000089000000, 0x0000000089000000, 0x0000000089100000|  0%| F|  |TS  0|AC  0|TAMS 0x0000000089000000, 0x0000000089000000|
|  65|0x0000000089100000, 0x0000000089100000, 0x0000000089200000|  0%| F|  |TS  0|AC  0|TAMS 0x0000000089100000, 0x0000000089100000|
|  66|0x0000000089200000, 0x0000000089200000, 0x0000000089300000|  0%| F|  |TS  0|AC  0|TAMS 0x0000000089200000, 0x0000000089200000|
|  67|0x0000000089300000, 0x0000000089300000, 0x0000000089400000|  0%| F|  |TS  0|AC  0|TAMS 0x0000000089300000, 0x0000000089300000|
|  68|0x0000000089400000, 0x0000000089400000, 0x0000000089500000|  0%| F|  |TS  0|AC  0|TAMS 0x0000000089400000, 0x0000000089400000|
|  69|0x0000000089500000, 0x0000000089500000, 0x0000000089600000|  0%| F|  |TS  0|AC  0|TAMS 0x0000000089500000, 0x0000000089500000|
|  70|0x0000000089600000, 0x0000000089600000, 0x0000000089700000|  0%| F|  |TS  0|AC  0|TAMS 0x0000000089600000, 0x0000000089600000|
|  71|0x0000000089700000, 0x0000000089700000, 0x0000000089800000|  0%| F|  |TS  0|AC  0|TAMS 0x0000000089700000, 0x0000000089700000|
|  72|0x0000000089800000, 0x0000000089800000, 0x0000000089900000|  0%| F|  |TS  0|AC  0|TAMS 0x0000000089800000, 0x0000000089800000|
|  73|0x0000000089900000, 0x0000000089900000, 0x0000000089a00000|  0%| F|  |TS  0|AC  0|TAMS 0x0000000089900000, 0x0000000089900000|
|  74|0x0000000089a00000, 0x0000000089a00000, 0x0000000089b00000|  0%| F|  |TS  0|AC  0|TAMS 0x0000000089a00000, 0x0000000089a00000|
|  75|0x0000000089b00000, 0x0000000089b00000, 0x0000000089c00000|  0%| F|  |TS  0|AC  0|TAMS 0x0000000089b00000, 0x0000000089b00000|
|  76|0x0000000089c00000, 0x0000000089c00000, 0x0000000089d00000|  0%| F|  |TS  0|AC  0|TAMS 0x0000000089c00000, 0x0000000089c00000|
|  77|0x0000000089d00000, 0x0000000089d00000, 0x0000000089e00000|  0%| F|  |TS  0|AC  0|TAMS 0x0000000089d00000, 0x0000000089d00000|
|  78|0x0000000089e00000, 0x0000000089e00000, 0x0000000089f00000|  0%| F|  |TS  0|AC  0|TAMS 0x0000000089e00000, 0x0000000089e00000|
|  79|0x0000000089f00000, 0x0000000089f00000, 0x000000008a000000|  0%| F|  |TS  0|AC  0|TAMS 0x0000000089f00000, 0x0000000089f00000|
|  80|0x000000008a000000, 0x000000008a000000, 0x000000008a100000|  0%| F|  |TS  0|AC  0|TAMS 0x000000008a000000, 0x000000008a000000|
|  81|0x000000008a100000, 0x000000008a100000, 0x000000008a200000|  0%| F|  |TS  0|AC  0|TAMS 0x000000008a100000, 0x000000008a100000|
|  82|0x000000008a200000, 0x000000008a200000, 0x000000008a300000|  0%| F|  |TS  0|AC  0|TAMS 0x000000008a200000, 0x000000008a200000|
|  83|0x000000008a300000, 0x000000008a300000, 0x000000008a400000|  0%| F|  |TS  0|AC  0|TAMS 0x000000008a300000, 0x000000008a300000|
|  84|0x000000008a400000, 0x000000008a400000, 0x000000008a500000|  0%| F|  |TS  0|AC  0|TAMS 0x000000008a400000, 0x000000008a400000|
|  85|0x000000008a500000, 0x000000008a500000, 0x000000008a600000|  0%| F|  |TS  0|AC  0|TAMS 0x000000008a500000, 0x000000008a500000|
|  86|0x000000008a600000, 0x000000008a600000, 0x000000008a700000|  0%| F|  |TS  0|AC  0|TAMS 0x000000008a600000, 0x000000008a600000|
|  87|0x000000008a700000, 0x000000008a700000, 0x000000008a800000|  0%| F|  |TS  0|AC  0|TAMS 0x000000008a700000, 0x000000008a700000|
|  88|0x000000008a800000, 0x000000008a800000, 0x000000008a900000|  0%| F|  |TS  0|AC  0|TAMS 0x000000008a800000, 0x000000008a800000|
|  89|0x000000008a900000, 0x000000008a900000, 0x000000008aa00000|  0%| F|  |TS  0|AC  0|TAMS 0x000000008a900000, 0x000000008a900000|
|  90|0x000000008aa00000, 0x000000008aa00000, 0x000000008ab00000|  0%| F|  |TS  0|AC  0|TAMS 0x000000008aa00000, 0x000000008aa00000|
|  91|0x000000008ab00000, 0x000000008ab00000, 0x000000008ac00000|  0%| F|  |TS  0|AC  0|TAMS 0x000000008ab00000, 0x000000008ab00000|
|  92|0x000000008ac00000, 0x000000008ac00000, 0x000000008ad00000|  0%| F|  |TS  0|AC  0|TAMS 0x000000008ac00000, 0x000000008ac00000|
|  93|0x000000008ad00000, 0x000000008ad00000, 0x000000008ae00000|  0%| F|  |TS  0|AC  0|TAMS 0x000000008ad00000, 0x000000008ad00000|
|  94|0x000000008ae00000, 0x000000008ae00000, 0x000000008af00000|  0%| F|  |TS  0|AC  0|TAMS 0x000000008ae00000, 0x000000008ae00000|
|  95|0x000000008af00000, 0x000000008af00000, 0x000000008b000000|  0%| F|  |TS  0|AC  0|TAMS 0x000000008af00000, 0x000000008af00000|
|  96|0x000000008b000000, 0x000000008b000000, 0x000000008b100000|  0%| F|  |TS  0|AC  0|TAMS 0x000000008b000000, 0x000000008b000000|
|  97|0x000000008b100000, 0x000000008b100000, 0x000000008b200000|  0%| F|  |TS  0|AC  0|TAMS 0x000000008b100000, 0x000000008b100000|
|  98|0x000000008b200000, 0x000000008b200000, 0x000000008b300000|  0%| F|  |TS  0|AC  0|TAMS 0x000000008b200000, 0x000000008b200000|
|  99|0x000000008b300000, 0x000000008b300000, 0x000000008b400000|  0%| F|  |TS  0|AC  0|TAMS 0x000000008b300000, 0x000000008b300000|
| 100|0x000000008b400000, 0x000000008b400000, 0x000000008b500000|  0%| F|  |TS  0|AC  0|TAMS 0x000000008b400000, 0x000000008b400000|
| 101|0x000000008b500000, 0x000000008b500000, 0x000000008b600000|  0%| F|  |TS  0|AC  0|TAMS 0x000000008b500000, 0x000000008b500000|
| 102|0x000000008b600000, 0x000000008b600000, 0x000000008b700000|  0%| F|  |TS  0|AC  0|TAMS 0x000000008b600000, 0x000000008b600000|
| 103|0x000000008b700000, 0x000000008b700000, 0x000000008b800000|  0%| F|  |TS  0|AC  0|TAMS 0x000000008b700000, 0x000000008b700000|
| 104|0x000000008b800000, 0x000000008b800000, 0x000000008b900000|  0%| F|  |TS  0|AC  0|TAMS 0x000000008b800000, 0x000000008b800000|
| 105|0x000000008b900000, 0x000000008b900000, 0x000000008ba00000|  0%| F|  |TS  0|AC  0|TAMS 0x000000008b900000, 0x000000008b900000|
| 106|0x000000008ba00000, 0x000000008ba00000, 0x000000008bb00000|  0%| F|  |TS  0|AC  0|TAMS 0x000000008ba00000, 0x000000008ba00000|
| 107|0x000000008bb00000, 0x000000008bb00000, 0x000000008bc00000|  0%| F|  |TS  0|AC  0|TAMS 0x000000008bb00000, 0x000000008bb00000|
| 108|0x000000008bc00000, 0x000000008bc00000, 0x000000008bd00000|  0%| F|  |TS  0|AC  0|TAMS 0x000000008bc00000, 0x000000008bc00000|
| 109|0x000000008bd00000, 0x000000008bd00000, 0x000000008be00000|  0%| F|  |TS  0|AC  0|TAMS 0x000000008bd00000, 0x000000008bd00000|
| 110|0x000000008be00000, 0x000000008be00000, 0x000000008bf00000|  0%| F|  |TS  0|AC  0|TAMS 0x000000008be00000, 0x000000008be00000|
| 111|0x000000008bf00000, 0x000000008bf00000, 0x000000008c000000|  0%| F|  |TS  0|AC  0|TAMS 0x000000008bf00000, 0x000000008bf00000|
| 112|0x000000008c000000, 0x000000008c0d8368, 0x000000008c100000| 84%| E|  |TS  0|AC  0|TAMS 0x000000008c000000, 0x000000008c000000|
| 113|0x000000008c100000, 0x000000008c200000, 0x000000008c200000|100%| E|CS|TS  0|AC  0|TAMS 0x000000008c100000, 0x000000008c100000|
| 114|0x000000008c200000, 0x000000008c300000, 0x000000008c300000|100%| E|CS|TS  0|AC  0|TAMS 0x000000008c200000, 0x000000008c200000|
| 115|0x000000008c300000, 0x000000008c400000, 0x000000008c400000|100%| E|CS|TS  0|AC  0|TAMS 0x000000008c300000, 0x000000008c300000|
| 116|0x000000008c400000, 0x000000008c500000, 0x000000008c500000|100%| E|CS|TS  0|AC  0|TAMS 0x000000008c400000, 0x000000008c400000|
| 117|0x000000008c500000, 0x000000008c600000, 0x000000008c600000|100%| E|CS|TS  0|AC  0|TAMS 0x000000008c500000, 0x000000008c500000|
| 118|0x000000008c600000, 0x000000008c700000, 0x000000008c700000|100%| E|CS|TS  0|AC  0|TAMS 0x000000008c600000, 0x000000008c600000|
| 119|0x000000008c700000, 0x000000008c800000, 0x000000008c800000|100%| E|CS|TS  0|AC  0|TAMS 0x000000008c700000, 0x000000008c700000|
| 120|0x000000008c800000, 0x000000008c900000, 0x000000008c900000|100%| E|CS|TS  0|AC  0|TAMS 0x000000008c800000, 0x000000008c800000|
| 121|0x000000008c900000, 0x000000008ca00000, 0x000000008ca00000|100%| E|CS|TS  0|AC  0|TAMS 0x000000008c900000, 0x000000008c900000|
| 122|0x000000008ca00000, 0x000000008cb00000, 0x000000008cb00000|100%| E|CS|TS  0|AC  0|TAMS 0x000000008ca00000, 0x000000008ca00000|
| 123|0x000000008cb00000, 0x000000008cc00000, 0x000000008cc00000|100%| E|CS|TS  0|AC  0|TAMS 0x000000008cb00000, 0x000000008cb00000|

Card table byte_map: [0x00007f8d59973000,0x00007f8d59d4b000] byte_map_base: 0x00007f8d5954b000

Marking Bits (Prev, Next): (CMBitMap*) 0x00007f8d54057b80, (CMBitMap*) 0x00007f8d54057bb8
 Prev Bits: [0x00007f8d2a140000, 0x00007f8d2c000000)
 Next Bits: [0x00007f8d28280000, 0x00007f8d2a140000)

Polling page: 0x00007f8d5e42e000

CodeHeap 'non-profiled nmethods': size=120032Kb used=369Kb max_used=369Kb free=119663Kb
 bounds [0x00007f8d41703000, 0x00007f8d41973000, 0x00007f8d48c3b000]
CodeHeap 'profiled nmethods': size=120032Kb used=1655Kb max_used=1655Kb free=118376Kb
 bounds [0x00007f8d3a1cb000, 0x00007f8d3a43b000, 0x00007f8d41703000]
CodeHeap 'non-nmethods': size=5696Kb used=1196Kb max_used=1220Kb free=4500Kb
 bounds [0x00007f8d39c3b000, 0x00007f8d39eab000, 0x00007f8d3a1cb000]
 total_blobs=1743 nmethods=997 adapters=498
 compilation: enabled

Compilation events (10 events):
Event: 2.007 Thread 0x00007f8d5414e000  981       1       javax.swing.TimerQueue$DelayedTimer::getTimer (5 bytes)
Event: 2.007 Thread 0x00007f8d5414e000 nmethod 981 0x00007f8d4175e810 code [0x00007f8d4175e9c0, 0x00007f8d4175ead0]
Event: 2.009 Thread 0x00007f8d5414e000  982       3       java.awt.image.Raster::createPackedRaster (181 bytes)
Event: 2.012 Thread 0x00007f8d5414e000 nmethod 982 0x00007f8d3a35a290 code [0x00007f8d3a35a5e0, 0x00007f8d3a35bdd8]
Event: 2.012 Thread 0x00007f8d5414e000  985       1       java.awt.Color::getRGB (5 bytes)
Event: 2.013 Thread 0x00007f8d5414e000 nmethod 985 0x00007f8d4175eb10 code [0x00007f8d4175ecc0, 0x00007f8d4175edd0]
Event: 2.013 Thread 0x00007f8d5414e000  983       3       java.awt.image.DataBuffer::<init> (40 bytes)
Event: 2.013 Thread 0x00007f8d5414e000 nmethod 983 0x00007f8d3a35c590 code [0x00007f8d3a35c760, 0x00007f8d3a35cac8]
Event: 2.013 Thread 0x00007f8d5414e000  986       1       sun.awt.X11GraphicsDevice::getScaleFactor (5 bytes)
Event: 2.013 Thread 0x00007f8d5414e000 nmethod 986 0x00007f8d4175ee10 code [0x00007f8d4175efc0, 0x00007f8d4175f0d0]

GC Heap History (0 events):
No events

Deoptimization events (1 events):
Event: 0.317 Thread 0x00007f8d54011800 Uncommon trap: reason=unstable_if action=reinterpret pc=0x00007f8d41707070 method=java.lang.String.hashCode()I @ 14 c2

Classes redefined (0 events):
No events

Internal exceptions (10 events):
Event: 1.012 Thread 0x00007f8d54011800 Exception <a 'java/lang/NoSuchMethodError'{0x000000008c6c2368}: method resolution failed> (0x000000008c6c2368) thrown at [/scratch/opt/mach5/mesos/work_dir/slaves/e283bbd4-d3d7-4cc0-a152-4405cadfe7cb-S314/frameworks/1735e8a2-a1db-478c-8104-60c8b0af87dd-01
Event: 1.013 Thread 0x00007f8d54011800 Exception <a 'java/lang/NoSuchMethodError'{0x000000008c6c9758}: java.lang.invoke.DirectMethodHandle$Holder.invokeStatic(Ljava/lang/Object;ILjava/lang/Object;Ljava/lang/Object;Ljava/lang/Object;)Ljava/lang/Object;> (0x000000008c6c9758) thrown at [/scratch/
Event: 1.014 Thread 0x00007f8d54011800 Exception <a 'java/lang/NoSuchMethodError'{0x000000008c6cd348}: method resolution failed> (0x000000008c6cd348) thrown at [/scratch/opt/mach5/mesos/work_dir/slaves/e283bbd4-d3d7-4cc0-a152-4405cadfe7cb-S314/frameworks/1735e8a2-a1db-478c-8104-60c8b0af87dd-01
Event: 1.110 Thread 0x00007f8d54011800 Exception <a 'java/lang/ClassNotFoundException'{0x000000008c425ae8}: com/sun/swing/internal/plaf/metal/resources/spi/metalProvider> (0x000000008c425ae8) thrown at [/scratch/opt/mach5/mesos/work_dir/slaves/e283bbd4-d3d7-4cc0-a152-4405cadfe7cb-S314/framewor
Event: 1.113 Thread 0x00007f8d54011800 Exception <a 'java/lang/ClassNotFoundException'{0x000000008c429fc0}: com/sun/swing/internal/plaf/basic/resources/spi/basicProvider> (0x000000008c429fc0) thrown at [/scratch/opt/mach5/mesos/work_dir/slaves/e283bbd4-d3d7-4cc0-a152-4405cadfe7cb-S314/framewor
Event: 1.222 Thread 0x00007f8d54011800 Exception <a 'java/lang/NoSuchMethodError'{0x000000008c4b7390}: java.lang.invoke.DirectMethodHandle$Holder.invokeStaticInit(Ljava/lang/Object;)V> (0x000000008c4b7390) thrown at [/scratch/opt/mach5/mesos/work_dir/slaves/e283bbd4-d3d7-4cc0-a152-4405cadfe7cb
Event: 1.241 Thread 0x00007f8d54011800 Exception <a 'java/lang/NoSuchMethodError'{0x000000008c4fc0f0}: java.lang.invoke.DirectMethodHandle$Holder.invokeStatic(Ljava/lang/Object;Ljava/lang/Object;Ljava/lang/Object;Ljava/lang/Object;Ljava/lang/Object;Ljava/lang/Object;Ljava/lang/Object;Ljava/lan
Event: 1.244 Thread 0x00007f8d54011800 Exception <a 'java/lang/NoSuchMethodError'{0x000000008c30a880}: java.lang.invoke.DirectMethodHandle$Holder.invokeStatic(Ljava/lang/Object;Ljava/lang/Object;Ljava/lang/Object;Ljava/lang/Object;Ljava/lang/Object;Ljava/lang/Object;Ljava/lang/Object;Ljava/lan
Event: 1.247 Thread 0x00007f8d54011800 Exception <a 'java/lang/NoSuchMethodError'{0x000000008c318f68}: method resolution failed> (0x000000008c318f68) thrown at [/scratch/opt/mach5/mesos/work_dir/slaves/e283bbd4-d3d7-4cc0-a152-4405cadfe7cb-S314/frameworks/1735e8a2-a1db-478c-8104-60c8b0af87dd-01
Event: 1.798 Thread 0x00007f8d54502000 Exception <a 'java/lang/UnsupportedOperationException'{0x000000008c2e25b8}: > (0x000000008c2e25b8) thrown at [/scratch/opt/mach5/mesos/work_dir/slaves/e283bbd4-d3d7-4cc0-a152-4405cadfe7cb-S314/frameworks/1735e8a2-a1db-478c-8104-60c8b0af87dd-0196/executors

Events (10 events):
Event: 2.003 Thread 0x00007f8d54502000 DEOPT PACKING pc=0x00007f8d3a2e9d0e sp=0x00007f8cd8b5b070
Event: 2.003 Thread 0x00007f8d54502000 DEOPT UNPACKING pc=0x00007f8d39c630ba sp=0x00007f8cd8b5a508 mode 0
Event: 2.006 Thread 0x00007f8d54502000 DEOPT PACKING pc=0x00007f8d3a2e9d0e sp=0x00007f8cd8b5b070
Event: 2.006 Thread 0x00007f8d54502000 DEOPT UNPACKING pc=0x00007f8d39c630ba sp=0x00007f8cd8b5a508 mode 0
Event: 2.007 Thread 0x00007f8d54502000 DEOPT PACKING pc=0x00007f8d3a2e9d0e sp=0x00007f8cd8b5b070
Event: 2.008 Thread 0x00007f8d54502000 DEOPT UNPACKING pc=0x00007f8d39c630ba sp=0x00007f8cd8b5a508 mode 0
Event: 2.009 Thread 0x00007f8d54502000 DEOPT PACKING pc=0x00007f8d3a2e9d0e sp=0x00007f8cd8b5b070
Event: 2.009 Thread 0x00007f8d54502000 DEOPT UNPACKING pc=0x00007f8d39c630ba sp=0x00007f8cd8b5a508 mode 0
Event: 2.013 Thread 0x00007f8d54502000 DEOPT PACKING pc=0x00007f8d3a2e9d0e sp=0x00007f8cd8b5b070
Event: 2.013 Thread 0x00007f8d54502000 DEOPT UNPACKING pc=0x00007f8d39c630ba sp=0x00007f8cd8b5a508 mode 0


Dynamic libraries:
00400000-00401000 r-xp 00000000 08:02 4727403                            /usr/lib/jvm/java-10-oracle/bin/java
00600000-00601000 rw-p 00000000 08:02 4727403                            /usr/lib/jvm/java-10-oracle/bin/java
0102d000-0104e000 rw-p 00000000 00:00 0                                  [heap]
85000000-8cc00000 rw-p 00000000 00:00 0 
8cc00000-100000000 ---p 00000000 00:00 0 
100000000-100180000 rw-p 00000000 00:00 0 
100180000-140000000 ---p 00000000 00:00 0 
7f8cb0000000-7f8cb0021000 rw-p 00000000 00:00 0 
7f8cb0021000-7f8cb4000000 ---p 00000000 00:00 0 
7f8cb7e81000-7f8cb8000000 rw-p 00000000 00:00 0 
7f8cb8000000-7f8cb8021000 rw-p 00000000 00:00 0 
7f8cb8021000-7f8cbc000000 ---p 00000000 00:00 0 
7f8cbc000000-7f8cbc065000 rw-p 00000000 00:00 0 
7f8cbc065000-7f8cc0000000 ---p 00000000 00:00 0 
7f8cc0000000-7f8cc0021000 rw-p 00000000 00:00 0 
7f8cc0021000-7f8cc4000000 ---p 00000000 00:00 0 
7f8cc4000000-7f8cc4021000 rw-p 00000000 00:00 0 
7f8cc4021000-7f8cc8000000 ---p 00000000 00:00 0 
7f8cc8000000-7f8cc8021000 rw-p 00000000 00:00 0 
7f8cc8021000-7f8ccc000000 ---p 00000000 00:00 0 
7f8ccc000000-7f8ccc021000 rw-p 00000000 00:00 0 
7f8ccc021000-7f8cd0000000 ---p 00000000 00:00 0 
7f8cd0000000-7f8cd0021000 rw-p 00000000 00:00 0 
7f8cd0021000-7f8cd4000000 ---p 00000000 00:00 0 
7f8cd4000000-7f8cd4021000 rw-p 00000000 00:00 0 
7f8cd4021000-7f8cd8000000 ---p 00000000 00:00 0 
7f8cd804c000-7f8cd84bc000 rw-p 00000000 00:00 0 
7f8cd84bc000-7f8cd85fc000 ---p 00000000 00:00 0 
7f8cd85fc000-7f8cd8600000 ---p 00000000 00:00 0 
7f8cd8600000-7f8cd88fd000 rw-p 00000000 00:00 0 
7f8cd88fd000-7f8cd8901000 ---p 00000000 00:00 0 
7f8cd8901000-7f8cd89fe000 rw-p 00000000 00:00 0 
7f8cd8a60000-7f8cd8a64000 ---p 00000000 00:00 0 
7f8cd8a64000-7f8cd8b61000 rw-p 00000000 00:00 0 
7f8cd8b61000-7f8cd8b66000 r-xp 00000000 08:02 3415693                    /usr/lib/x86_64-linux-gnu/libXfixes.so.3.1.0
7f8cd8b66000-7f8cd8d65000 ---p 00005000 08:02 3415693                    /usr/lib/x86_64-linux-gnu/libXfixes.so.3.1.0
7f8cd8d65000-7f8cd8d66000 r--p 00004000 08:02 3415693                    /usr/lib/x86_64-linux-gnu/libXfixes.so.3.1.0
7f8cd8d66000-7f8cd8d67000 rw-p 00005000 08:02 3415693                    /usr/lib/x86_64-linux-gnu/libXfixes.so.3.1.0
7f8cd8d67000-7f8cd8d70000 r-xp 00000000 08:02 3415685                    /usr/lib/x86_64-linux-gnu/libXcursor.so.1.0.2
7f8cd8d70000-7f8cd8f6f000 ---p 00009000 08:02 3415685                    /usr/lib/x86_64-linux-gnu/libXcursor.so.1.0.2
7f8cd8f6f000-7f8cd8f70000 r--p 00008000 08:02 3415685                    /usr/lib/x86_64-linux-gnu/libXcursor.so.1.0.2
7f8cd8f70000-7f8cd8f71000 rw-p 00009000 08:02 3415685                    /usr/lib/x86_64-linux-gnu/libXcursor.so.1.0.2
7f8cd8f71000-7f8cd9171000 rw-p 00000000 00:00 0 
7f8cd9171000-7f8cd9172000 ---p 00000000 00:00 0 
7f8cd9172000-7f8cd9972000 rw-p 00000000 00:00 0 
7f8cd9972000-7f8cd9973000 ---p 00000000 00:00 0 
7f8cd9973000-7f8cda173000 rw-p 00000000 00:00 0 
7f8cda173000-7f8cda174000 ---p 00000000 00:00 0 
7f8cda174000-7f8cda974000 rw-p 00000000 00:00 0 
7f8cda974000-7f8cda980000 r-xp 00000000 08:02 3672982                    /usr/lib/x86_64-linux-gnu/gio/modules/libdconfsettings.so
7f8cda980000-7f8cdab7f000 ---p 0000c000 08:02 3672982                    /usr/lib/x86_64-linux-gnu/gio/modules/libdconfsettings.so
7f8cdab7f000-7f8cdab80000 r--p 0000b000 08:02 3672982                    /usr/lib/x86_64-linux-gnu/gio/modules/libdconfsettings.so
7f8cdab80000-7f8cdab81000 rw-p 0000c000 08:02 3672982                    /usr/lib/x86_64-linux-gnu/gio/modules/libdconfsettings.so
7f8cdab81000-7f8cdab87000 r-xp 00000000 08:02 6427398                    /lib/x86_64-linux-gnu/libuuid.so.1.3.0
7f8cdab87000-7f8cdad86000 ---p 00006000 08:02 6427398                    /lib/x86_64-linux-gnu/libuuid.so.1.3.0
7f8cdad86000-7f8cdad87000 r--p 00005000 08:02 6427398                    /lib/x86_64-linux-gnu/libuuid.so.1.3.0
7f8cdad87000-7f8cdad88000 rw-p 00006000 08:02 6427398                    /lib/x86_64-linux-gnu/libuuid.so.1.3.0
7f8cdad88000-7f8cdadcf000 r-xp 00000000 08:02 6427222                    /lib/x86_64-linux-gnu/libblkid.so.1.1.0
7f8cdadcf000-7f8cdafcf000 ---p 00047000 08:02 6427222                    /lib/x86_64-linux-gnu/libblkid.so.1.1.0
7f8cdafcf000-7f8cdafd3000 r--p 00047000 08:02 6427222                    /lib/x86_64-linux-gnu/libblkid.so.1.1.0
7f8cdafd3000-7f8cdafd4000 rw-p 0004b000 08:02 6427222                    /lib/x86_64-linux-gnu/libblkid.so.1.1.0
7f8cdafd4000-7f8cdafd5000 rw-p 00000000 00:00 0 
7f8cdafd5000-7f8cdb045000 r-xp 00000000 08:02 6427352                    /lib/x86_64-linux-gnu/libpcre.so.3.13.3
7f8cdb045000-7f8cdb245000 ---p 00070000 08:02 6427352                    /lib/x86_64-linux-gnu/libpcre.so.3.13.3
7f8cdb245000-7f8cdb246000 r--p 00070000 08:02 6427352                    /lib/x86_64-linux-gnu/libpcre.so.3.13.3
7f8cdb246000-7f8cdb247000 rw-p 00071000 08:02 6427352                    /lib/x86_64-linux-gnu/libpcre.so.3.13.3
7f8cdb247000-7f8cdb24e000 r-xp 00000000 08:02 3416020                    /usr/lib/x86_64-linux-gnu/libffi.so.6.0.4
7f8cdb24e000-7f8cdb44d000 ---p 00007000 08:02 3416020                    /usr/lib/x86_64-linux-gnu/libffi.so.6.0.4
7f8cdb44d000-7f8cdb44e000 r--p 00006000 08:02 3416020                    /usr/lib/x86_64-linux-gnu/libffi.so.6.0.4
7f8cdb44e000-7f8cdb44f000 rw-p 00007000 08:02 3416020                    /usr/lib/x86_64-linux-gnu/libffi.so.6.0.4
7f8cdb44f000-7f8cdb4a0000 r-xp 00000000 08:02 6427299                    /lib/x86_64-linux-gnu/libmount.so.1.1.0
7f8cdb4a0000-7f8cdb69f000 ---p 00051000 08:02 6427299                    /lib/x86_64-linux-gnu/libmount.so.1.1.0
7f8cdb69f000-7f8cdb6a1000 r--p 00050000 08:02 6427299                    /lib/x86_64-linux-gnu/libmount.so.1.1.0
7f8cdb6a1000-7f8cdb6a2000 rw-p 00052000 08:02 6427299                    /lib/x86_64-linux-gnu/libmount.so.1.1.0
7f8cdb6a2000-7f8cdb6a3000 rw-p 00000000 00:00 0 
7f8cdb6a3000-7f8cdb6ba000 r-xp 00000000 08:02 6427369                    /lib/x86_64-linux-gnu/libresolv-2.27.so
7f8cdb6ba000-7f8cdb8ba000 ---p 00017000 08:02 6427369                    /lib/x86_64-linux-gnu/libresolv-2.27.so
7f8cdb8ba000-7f8cdb8bb000 r--p 00017000 08:02 6427369                    /lib/x86_64-linux-gnu/libresolv-2.27.so
7f8cdb8bb000-7f8cdb8bc000 rw-p 00018000 08:02 6427369                    /lib/x86_64-linux-gnu/libresolv-2.27.so
7f8cdb8bc000-7f8cdb8be000 rw-p 00000000 00:00 0 
7f8cdb8be000-7f8cdb8e3000 r-xp 00000000 08:02 6427375                    /lib/x86_64-linux-gnu/libselinux.so.1
7f8cdb8e3000-7f8cdbae2000 ---p 00025000 08:02 6427375                    /lib/x86_64-linux-gnu/libselinux.so.1
7f8cdbae2000-7f8cdbae3000 r--p 00024000 08:02 6427375                    /lib/x86_64-linux-gnu/libselinux.so.1
7f8cdbae3000-7f8cdbae4000 rw-p 00025000 08:02 6427375                    /lib/x86_64-linux-gnu/libselinux.so.1
7f8cdbae4000-7f8cdbae6000 rw-p 00000000 00:00 0 
7f8cdbae6000-7f8cdbbf9000 r-xp 00000000 08:02 3408215                    /usr/lib/x86_64-linux-gnu/libglib-2.0.so.0.5600.2
7f8cdbbf9000-7f8cdbdf9000 ---p 00113000 08:02 3408215                    /usr/lib/x86_64-linux-gnu/libglib-2.0.so.0.5600.2
7f8cdbdf9000-7f8cdbdfa000 r--p 00113000 08:02 3408215                    /usr/lib/x86_64-linux-gnu/libglib-2.0.so.0.5600.2
7f8cdbdfa000-7f8cdbdfb000 rw-p 00114000 08:02 3408215                    /usr/lib/x86_64-linux-gnu/libglib-2.0.so.0.5600.2
7f8cdbdfb000-7f8cdbdfc000 rw-p 00000000 00:00 0 
7f8cdbdfc000-7f8cdbdff000 r-xp 00000000 08:02 3408238                    /usr/lib/x86_64-linux-gnu/libgmodule-2.0.so.0.5600.2
7f8cdbdff000-7f8cdbffe000 ---p 00003000 08:02 3408238                    /usr/lib/x86_64-linux-gnu/libgmodule-2.0.so.0.5600.2
7f8cdbffe000-7f8cdbfff000 r--p 00002000 08:02 3408238                    /usr/lib/x86_64-linux-gnu/libgmodule-2.0.so.0.5600.2
7f8cdbfff000-7f8cdc000000 rw-p 00003000 08:02 3408238                    /usr/lib/x86_64-linux-gnu/libgmodule-2.0.so.0.5600.2
7f8cdc000000-7f8cdc021000 rw-p 00000000 00:00 0 
7f8cdc021000-7f8ce0000000 ---p 00000000 00:00 0 
7f8ce0000000-7f8ce0021000 rw-p 00000000 00:00 0 
7f8ce0021000-7f8ce4000000 ---p 00000000 00:00 0 
7f8ce4000000-7f8ce456e000 rw-p 00000000 00:00 0 
7f8ce456e000-7f8ce8000000 ---p 00000000 00:00 0 
7f8ce8000000-7f8ce8021000 rw-p 00000000 00:00 0 
7f8ce8021000-7f8cec000000 ---p 00000000 00:00 0 
7f8cec000000-7f8cecb75000 rw-p 00000000 00:00 0 
7f8cecb75000-7f8cf0000000 ---p 00000000 00:00 0 
7f8cf0000000-7f8cf1187000 rw-p 00000000 00:00 0 
7f8cf1187000-7f8cf4000000 ---p 00000000 00:00 0 
7f8cf4000000-7f8cf4021000 rw-p 00000000 00:00 0 
7f8cf4021000-7f8cf8000000 ---p 00000000 00:00 0 
7f8cf8000000-7f8cf8021000 rw-p 00000000 00:00 0 
7f8cf8021000-7f8cfc000000 ---p 00000000 00:00 0 
7f8cfc000000-7f8cfc021000 rw-p 00000000 00:00 0 
7f8cfc021000-7f8d00000000 ---p 00000000 00:00 0 
7f8d00000000-7f8d00021000 rw-p 00000000 00:00 0 
7f8d00021000-7f8d04000000 ---p 00000000 00:00 0 
7f8d04000000-7f8d04021000 rw-p 00000000 00:00 0 
7f8d04021000-7f8d08000000 ---p 00000000 00:00 0 
7f8d08000000-7f8d08021000 rw-p 00000000 00:00 0 
7f8d08021000-7f8d0c000000 ---p 00000000 00:00 0 
7f8d0c000000-7f8d0c021000 rw-p 00000000 00:00 0 
7f8d0c021000-7f8d10000000 ---p 00000000 00:00 0 
7f8d10000000-7f8d10021000 rw-p 00000000 00:00 0 
7f8d10021000-7f8d14000000 ---p 00000000 00:00 0 
7f8d14000000-7f8d14021000 rw-p 00000000 00:00 0 
7f8d14021000-7f8d18000000 ---p 00000000 00:00 0 
7f8d18000000-7f8d18021000 rw-p 00000000 00:00 0 
7f8d18021000-7f8d1c000000 ---p 00000000 00:00 0 
7f8d1c09e000-7f8d1c0a2000 ---p 00000000 00:00 0 
7f8d1c0a2000-7f8d1c19f000 rw-p 00000000 00:00 0 
7f8d1c19f000-7f8d1c1f1000 r-xp 00000000 08:02 3408239                    /usr/lib/x86_64-linux-gnu/libgobject-2.0.so.0.5600.2
7f8d1c1f1000-7f8d1c3f1000 ---p 00052000 08:02 3408239                    /usr/lib/x86_64-linux-gnu/libgobject-2.0.so.0.5600.2
7f8d1c3f1000-7f8d1c3f2000 r--p 00052000 08:02 3408239                    /usr/lib/x86_64-linux-gnu/libgobject-2.0.so.0.5600.2
7f8d1c3f2000-7f8d1c3f3000 rw-p 00053000 08:02 3408239                    /usr/lib/x86_64-linux-gnu/libgobject-2.0.so.0.5600.2
7f8d1c3f3000-7f8d1c588000 r-xp 00000000 08:02 3408207                    /usr/lib/x86_64-linux-gnu/libgio-2.0.so.0.5600.2
7f8d1c588000-7f8d1c788000 ---p 00195000 08:02 3408207                    /usr/lib/x86_64-linux-gnu/libgio-2.0.so.0.5600.2
7f8d1c788000-7f8d1c78f000 r--p 00195000 08:02 3408207                    /usr/lib/x86_64-linux-gnu/libgio-2.0.so.0.5600.2
7f8d1c78f000-7f8d1c790000 rw-p 0019c000 08:02 3408207                    /usr/lib/x86_64-linux-gnu/libgio-2.0.so.0.5600.2
7f8d1c790000-7f8d1c792000 rw-p 00000000 00:00 0 
7f8d1c792000-7f8d1c79c000 r-xp 00000000 08:02 3415709                    /usr/lib/x86_64-linux-gnu/libXrandr.so.2.2.0
7f8d1c79c000-7f8d1c99b000 ---p 0000a000 08:02 3415709                    /usr/lib/x86_64-linux-gnu/libXrandr.so.2.2.0
7f8d1c99b000-7f8d1c99c000 r--p 00009000 08:02 3415709                    /usr/lib/x86_64-linux-gnu/libXrandr.so.2.2.0
7f8d1c99c000-7f8d1c99d000 rw-p 0000a000 08:02 3415709                    /usr/lib/x86_64-linux-gnu/libXrandr.so.2.2.0
7f8d1c99d000-7f8d1ca3a000 r-xp 00000000 08:02 3545795                    /usr/lib/jvm/java-10-oracle/lib/libfontmanager.so
7f8d1ca3a000-7f8d1cc3a000 ---p 0009d000 08:02 3545795                    /usr/lib/jvm/java-10-oracle/lib/libfontmanager.so
7f8d1cc3a000-7f8d1cc3d000 rw-p 0009d000 08:02 3545795                    /usr/lib/jvm/java-10-oracle/lib/libfontmanager.so
7f8d1cc3d000-7f8d1cc4f000 rw-p 00000000 00:00 0 
7f8d1cc4f000-7f8d1cc62000 r-xp 00000000 08:02 6427226                    /lib/x86_64-linux-gnu/libbsd.so.0.8.7
7f8d1cc62000-7f8d1ce61000 ---p 00013000 08:02 6427226                    /lib/x86_64-linux-gnu/libbsd.so.0.8.7
7f8d1ce61000-7f8d1ce62000 r--p 00012000 08:02 6427226                    /lib/x86_64-linux-gnu/libbsd.so.0.8.7
7f8d1ce62000-7f8d1ce63000 rw-p 00013000 08:02 6427226                    /lib/x86_64-linux-gnu/libbsd.so.0.8.7
7f8d1ce63000-7f8d1ce64000 rw-p 00000000 00:00 0 
7f8d1ce64000-7f8d1ce69000 r-xp 00000000 08:02 3415689                    /usr/lib/x86_64-linux-gnu/libXdmcp.so.6.0.0
7f8d1ce69000-7f8d1d068000 ---p 00005000 08:02 3415689                    /usr/lib/x86_64-linux-gnu/libXdmcp.so.6.0.0
7f8d1d068000-7f8d1d069000 r--p 00004000 08:02 3415689                    /usr/lib/x86_64-linux-gnu/libXdmcp.so.6.0.0
7f8d1d069000-7f8d1d06a000 rw-p 00005000 08:02 3415689                    /usr/lib/x86_64-linux-gnu/libXdmcp.so.6.0.0
7f8d1d06a000-7f8d1d06c000 r-xp 00000000 08:02 3415678                    /usr/lib/x86_64-linux-gnu/libXau.so.6.0.0
7f8d1d06c000-7f8d1d26c000 ---p 00002000 08:02 3415678                    /usr/lib/x86_64-linux-gnu/libXau.so.6.0.0
7f8d1d26c000-7f8d1d26d000 r--p 00002000 08:02 3415678                    /usr/lib/x86_64-linux-gnu/libXau.so.6.0.0
7f8d1d26d000-7f8d1d26e000 rw-p 00003000 08:02 3415678                    /usr/lib/x86_64-linux-gnu/libXau.so.6.0.0
7f8d1d26e000-7f8d1d294000 r-xp 00000000 08:02 3416882                    /usr/lib/x86_64-linux-gnu/libxcb.so.1.1.0
7f8d1d294000-7f8d1d494000 ---p 00026000 08:02 3416882                    /usr/lib/x86_64-linux-gnu/libxcb.so.1.1.0
7f8d1d494000-7f8d1d495000 r--p 00026000 08:02 3416882                    /usr/lib/x86_64-linux-gnu/libxcb.so.1.1.0
7f8d1d495000-7f8d1d496000 rw-p 00027000 08:02 3416882                    /usr/lib/x86_64-linux-gnu/libxcb.so.1.1.0
7f8d1d496000-7f8d1d4a5000 r-xp 00000000 08:02 3415699                    /usr/lib/x86_64-linux-gnu/libXi.so.6.1.0
7f8d1d4a5000-7f8d1d6a4000 ---p 0000f000 08:02 3415699                    /usr/lib/x86_64-linux-gnu/libXi.so.6.1.0
7f8d1d6a4000-7f8d1d6a5000 r--p 0000e000 08:02 3415699                    /usr/lib/x86_64-linux-gnu/libXi.so.6.1.0
7f8d1d6a5000-7f8d1d6a6000 rw-p 0000f000 08:02 3415699                    /usr/lib/x86_64-linux-gnu/libXi.so.6.1.0
7f8d1d6a6000-7f8d1d6ab000 r-xp 00000000 08:02 3415717                    /usr/lib/x86_64-linux-gnu/libXtst.so.6.1.0
7f8d1d6ab000-7f8d1d8aa000 ---p 00005000 08:02 3415717                    /usr/lib/x86_64-linux-gnu/libXtst.so.6.1.0
7f8d1d8aa000-7f8d1d8ab000 r--p 00004000 08:02 3415717                    /usr/lib/x86_64-linux-gnu/libXtst.so.6.1.0
7f8d1d8ab000-7f8d1d8ac000 rw-p 00005000 08:02 3415717                    /usr/lib/x86_64-linux-gnu/libXtst.so.6.1.0
7f8d1d8ac000-7f8d1d8b5000 r-xp 00000000 08:02 3415711                    /usr/lib/x86_64-linux-gnu/libXrender.so.1.3.0
7f8d1d8b5000-7f8d1dab4000 ---p 00009000 08:02 3415711                    /usr/lib/x86_64-linux-gnu/libXrender.so.1.3.0
7f8d1dab4000-7f8d1dab5000 r--p 00008000 08:02 3415711                    /usr/lib/x86_64-linux-gnu/libXrender.so.1.3.0
7f8d1dab5000-7f8d1dab6000 rw-p 00009000 08:02 3415711                    /usr/lib/x86_64-linux-gnu/libXrender.so.1.3.0
7f8d1dab6000-7f8d1dbe9000 r-xp 00000000 08:02 3408754                    /usr/lib/x86_64-linux-gnu/libX11.so.6.3.0
7f8d1dbe9000-7f8d1dde9000 ---p 00133000 08:02 3408754                    /usr/lib/x86_64-linux-gnu/libX11.so.6.3.0
7f8d1dde9000-7f8d1ddea000 r--p 00133000 08:02 3408754                    /usr/lib/x86_64-linux-gnu/libX11.so.6.3.0
7f8d1ddea000-7f8d1ddee000 rw-p 00134000 08:02 3408754                    /usr/lib/x86_64-linux-gnu/libX11.so.6.3.0
7f8d1ddee000-7f8d1ddff000 r-xp 00000000 08:02 3415691                    /usr/lib/x86_64-linux-gnu/libXext.so.6.4.0
7f8d1ddff000-7f8d1dffe000 ---p 00011000 08:02 3415691                    /usr/lib/x86_64-linux-gnu/libXext.so.6.4.0
7f8d1dffe000-7f8d1dfff000 r--p 00010000 08:02 3415691                    /usr/lib/x86_64-linux-gnu/libXext.so.6.4.0
7f8d1dfff000-7f8d1e000000 rw-p 00011000 08:02 3415691                    /usr/lib/x86_64-linux-gnu/libXext.so.6.4.0
7f8d1e000000-7f8d20000000 rw-p 00000000 00:00 0 
7f8d20000000-7f8d20021000 rw-p 00000000 00:00 0 
7f8d20021000-7f8d24000000 ---p 00000000 00:00 0 
7f8d24000000-7f8d24021000 rw-p 00000000 00:00 0 
7f8d24021000-7f8d28000000 ---p 00000000 00:00 0 
7f8d2801e000-7f8d2807b000 r-xp 00000000 08:02 3545729                    /usr/lib/jvm/java-10-oracle/lib/libawt_xawt.so
7f8d2807b000-7f8d2827b000 ---p 0005d000 08:02 3545729                    /usr/lib/jvm/java-10-oracle/lib/libawt_xawt.so
7f8d2827b000-7f8d2827e000 rw-p 0005d000 08:02 3545729                    /usr/lib/jvm/java-10-oracle/lib/libawt_xawt.so
7f8d2827e000-7f8d28470000 rw-p 00000000 00:00 0 
7f8d28470000-7f8d2a140000 ---p 00000000 00:00 0 
7f8d2a140000-7f8d2a330000 rw-p 00000000 00:00 0 
7f8d2a330000-7f8d2c000000 ---p 00000000 00:00 0 
7f8d2c000000-7f8d2c021000 rw-p 00000000 00:00 0 
7f8d2c021000-7f8d30000000 ---p 00000000 00:00 0 
7f8d30000000-7f8d30021000 rw-p 00000000 00:00 0 
7f8d30021000-7f8d34000000 ---p 00000000 00:00 0 
7f8d34000000-7f8d34021000 rw-p 00000000 00:00 0 
7f8d34021000-7f8d38000000 ---p 00000000 00:00 0 
7f8d3806a000-7f8d3806e000 ---p 00000000 00:00 0 
7f8d3806e000-7f8d3816b000 rw-p 00000000 00:00 0 
7f8d3816b000-7f8d38209000 r-xp 00000000 08:02 3545772                    /usr/lib/jvm/java-10-oracle/lib/libawt.so
7f8d38209000-7f8d38409000 ---p 0009e000 08:02 3545772                    /usr/lib/jvm/java-10-oracle/lib/libawt.so
7f8d38409000-7f8d38415000 rw-p 0009e000 08:02 3545772                    /usr/lib/jvm/java-10-oracle/lib/libawt.so
7f8d38415000-7f8d38439000 rw-p 00000000 00:00 0 
7f8d38439000-7f8d3844f000 r-xp 00000000 08:02 3545701                    /usr/lib/jvm/java-10-oracle/lib/libnet.so
7f8d3844f000-7f8d3864f000 ---p 00016000 08:02 3545701                    /usr/lib/jvm/java-10-oracle/lib/libnet.so
7f8d3864f000-7f8d38650000 rw-p 00016000 08:02 3545701                    /usr/lib/jvm/java-10-oracle/lib/libnet.so
7f8d38650000-7f8d38660000 r-xp 00000000 08:02 3545760                    /usr/lib/jvm/java-10-oracle/lib/libnio.so
7f8d38660000-7f8d38860000 ---p 00010000 08:02 3545760                    /usr/lib/jvm/java-10-oracle/lib/libnio.so
7f8d38860000-7f8d38861000 rw-p 00010000 08:02 3545760                    /usr/lib/jvm/java-10-oracle/lib/libnio.so
7f8d38861000-7f8d38862000 ---p 00000000 00:00 0 
7f8d38862000-7f8d38963000 rw-p 00000000 00:00 0 
7f8d38963000-7f8d38967000 ---p 00000000 00:00 0 
7f8d38967000-7f8d38a64000 rw-p 00000000 00:00 0 
7f8d38a64000-7f8d38a68000 ---p 00000000 00:00 0 
7f8d38a68000-7f8d38b65000 rw-p 00000000 00:00 0 
7f8d38b65000-7f8d38b69000 ---p 00000000 00:00 0 
7f8d38b69000-7f8d38c66000 rw-p 00000000 00:00 0 
7f8d38c66000-7f8d38c6a000 ---p 00000000 00:00 0 
7f8d38c6a000-7f8d38d67000 rw-p 00000000 00:00 0 
7f8d38d67000-7f8d38d6b000 ---p 00000000 00:00 0 
7f8d38d6b000-7f8d38e68000 rw-p 00000000 00:00 0 
7f8d38e68000-7f8d38e6c000 ---p 00000000 00:00 0 
7f8d38e6c000-7f8d38f69000 rw-p 00000000 00:00 0 
7f8d38f69000-7f8d38f6d000 ---p 00000000 00:00 0 
7f8d38f6d000-7f8d3906a000 rw-p 00000000 00:00 0 
7f8d3906a000-7f8d39a39000 r--p 00000000 08:02 3414649                    /usr/lib/locale/locale-archive
7f8d39a39000-7f8d39a3d000 ---p 00000000 00:00 0 
7f8d39a3d000-7f8d39b3a000 rw-p 00000000 00:00 0 
7f8d39b3a000-7f8d39b3e000 ---p 00000000 00:00 0 
7f8d39b3e000-7f8d39c3b000 rw-p 00000000 00:00 0 
7f8d39c3b000-7f8d39eab000 rwxp 00000000 00:00 0 
7f8d39eab000-7f8d3a1cb000 ---p 00000000 00:00 0 
7f8d3a1cb000-7f8d3a43b000 rwxp 00000000 00:00 0 
7f8d3a43b000-7f8d41703000 ---p 00000000 00:00 0 
7f8d41703000-7f8d41973000 rwxp 00000000 00:00 0 
7f8d41973000-7f8d48c3b000 ---p 00000000 00:00 0 
7f8d48c3b000-7f8d54000000 r--s 00000000 08:02 3545776                    /usr/lib/jvm/java-10-oracle/lib/modules
7f8d54000000-7f8d54514000 rw-p 00000000 00:00 0 
7f8d54514000-7f8d58000000 ---p 00000000 00:00 0 
7f8d58031000-7f8d5805d000 r--p 00000000 08:02 4459665                    /usr/share/glib-2.0/schemas/gschemas.compiled
7f8d5805d000-7f8d5808e000 rw-p 00000000 00:00 0 
7f8d5808e000-7f8d5808f000 ---p 00000000 00:00 0 
7f8d5808f000-7f8d58a89000 rw-p 00000000 00:00 0 
7f8d58a89000-7f8d58a8a000 ---p 00000000 00:00 0 
7f8d58a8a000-7f8d58b8b000 rw-p 00000000 00:00 0 
7f8d58b8b000-7f8d58b8c000 ---p 00000000 00:00 0 
7f8d58b8c000-7f8d58c8d000 rw-p 00000000 00:00 0 
7f8d58c8d000-7f8d58c8e000 ---p 00000000 00:00 0 
7f8d58c8e000-7f8d58d8f000 rw-p 00000000 00:00 0 
7f8d58d8f000-7f8d58d90000 ---p 00000000 00:00 0 
7f8d58d90000-7f8d58e91000 rw-p 00000000 00:00 0 
7f8d58e91000-7f8d58e92000 ---p 00000000 00:00 0 
7f8d58e92000-7f8d59397000 rw-p 00000000 00:00 0 
7f8d59397000-7f8d59398000 ---p 00000000 00:00 0 
7f8d59398000-7f8d59499000 rw-p 00000000 00:00 0 
7f8d59499000-7f8d5949a000 ---p 00000000 00:00 0 
7f8d5949a000-7f8d595d9000 rw-p 00000000 00:00 0 
7f8d595d9000-7f8d59973000 ---p 00000000 00:00 0 
7f8d59973000-7f8d599b1000 rw-p 00000000 00:00 0 
7f8d599b1000-7f8d59d4b000 ---p 00000000 00:00 0 
7f8d59d4b000-7f8d59d89000 rw-p 00000000 00:00 0 
7f8d59d89000-7f8d5a123000 ---p 00000000 00:00 0 
7f8d5a123000-7f8d5a527000 rw-p 00000000 00:00 0 
7f8d5a527000-7f8d5a528000 ---p 00000000 00:00 0 
7f8d5a528000-7f8d5a629000 rw-p 00000000 00:00 0 
7f8d5a629000-7f8d5a62a000 ---p 00000000 00:00 0 
7f8d5a62a000-7f8d5a72b000 rw-p 00000000 00:00 0 
7f8d5a72b000-7f8d5a72c000 ---p 00000000 00:00 0 
7f8d5a72c000-7f8d5a82d000 rw-p 00000000 00:00 0 
7f8d5a82d000-7f8d5a82e000 ---p 00000000 00:00 0 
7f8d5a82e000-7f8d5a934000 rw-p 00000000 00:00 0 
7f8d5a934000-7f8d5aa1a000 ---p 00000000 00:00 0 
7f8d5aa1a000-7f8d5aa1f000 rw-p 00000000 00:00 0 
7f8d5aa1f000-7f8d5ab05000 ---p 00000000 00:00 0 
7f8d5ab05000-7f8d5ab1f000 r-xp 00000000 08:02 3545743                    /usr/lib/jvm/java-10-oracle/lib/libjimage.so
7f8d5ab1f000-7f8d5ad1e000 ---p 0001a000 08:02 3545743                    /usr/lib/jvm/java-10-oracle/lib/libjimage.so
7f8d5ad1e000-7f8d5ad20000 rw-p 00019000 08:02 3545743                    /usr/lib/jvm/java-10-oracle/lib/libjimage.so
7f8d5ad20000-7f8d5ad32000 rw-p 00000000 00:00 0 
7f8d5ad32000-7f8d5ad39000 r-xp 00000000 08:02 3545799                    /usr/lib/jvm/java-10-oracle/lib/libzip.so
7f8d5ad39000-7f8d5af38000 ---p 00007000 08:02 3545799                    /usr/lib/jvm/java-10-oracle/lib/libzip.so
7f8d5af38000-7f8d5af39000 rw-p 00006000 08:02 3545799                    /usr/lib/jvm/java-10-oracle/lib/libzip.so
7f8d5af39000-7f8d5af44000 r-xp 00000000 08:02 6427320                    /lib/x86_64-linux-gnu/libnss_files-2.27.so
7f8d5af44000-7f8d5b143000 ---p 0000b000 08:02 6427320                    /lib/x86_64-linux-gnu/libnss_files-2.27.so
7f8d5b143000-7f8d5b144000 r--p 0000a000 08:02 6427320                    /lib/x86_64-linux-gnu/libnss_files-2.27.so
7f8d5b144000-7f8d5b145000 rw-p 0000b000 08:02 6427320                    /lib/x86_64-linux-gnu/libnss_files-2.27.so
7f8d5b145000-7f8d5b14b000 rw-p 00000000 00:00 0 
7f8d5b14b000-7f8d5b162000 r-xp 00000000 08:02 6427314                    /lib/x86_64-linux-gnu/libnsl-2.27.so
7f8d5b162000-7f8d5b361000 ---p 00017000 08:02 6427314                    /lib/x86_64-linux-gnu/libnsl-2.27.so
7f8d5b361000-7f8d5b362000 r--p 00016000 08:02 6427314                    /lib/x86_64-linux-gnu/libnsl-2.27.so
7f8d5b362000-7f8d5b363000 rw-p 00017000 08:02 6427314                    /lib/x86_64-linux-gnu/libnsl-2.27.so
7f8d5b363000-7f8d5b365000 rw-p 00000000 00:00 0 
7f8d5b365000-7f8d5b370000 r-xp 00000000 08:02 6427331                    /lib/x86_64-linux-gnu/libnss_nis-2.27.so
7f8d5b370000-7f8d5b56f000 ---p 0000b000 08:02 6427331                    /lib/x86_64-linux-gnu/libnss_nis-2.27.so
7f8d5b56f000-7f8d5b570000 r--p 0000a000 08:02 6427331                    /lib/x86_64-linux-gnu/libnss_nis-2.27.so
7f8d5b570000-7f8d5b571000 rw-p 0000b000 08:02 6427331                    /lib/x86_64-linux-gnu/libnss_nis-2.27.so
7f8d5b571000-7f8d5b579000 r-xp 00000000 08:02 6427316                    /lib/x86_64-linux-gnu/libnss_compat-2.27.so
7f8d5b579000-7f8d5b779000 ---p 00008000 08:02 6427316                    /lib/x86_64-linux-gnu/libnss_compat-2.27.so
7f8d5b779000-7f8d5b77a000 r--p 00008000 08:02 6427316                    /lib/x86_64-linux-gnu/libnss_compat-2.27.so
7f8d5b77a000-7f8d5b77b000 rw-p 00009000 08:02 6427316                    /lib/x86_64-linux-gnu/libnss_compat-2.27.so
7f8d5b77b000-7f8d5b7a5000 r-xp 00000000 08:02 3545781                    /usr/lib/jvm/java-10-oracle/lib/libjava.so
7f8d5b7a5000-7f8d5b9a5000 ---p 0002a000 08:02 3545781                    /usr/lib/jvm/java-10-oracle/lib/libjava.so
7f8d5b9a5000-7f8d5b9a7000 rw-p 0002a000 08:02 3545781                    /usr/lib/jvm/java-10-oracle/lib/libjava.so
7f8d5b9a7000-7f8d5b9b4000 r-xp 00000000 08:02 3545762                    /usr/lib/jvm/java-10-oracle/lib/libverify.so
7f8d5b9b4000-7f8d5bbb3000 ---p 0000d000 08:02 3545762                    /usr/lib/jvm/java-10-oracle/lib/libverify.so
7f8d5bbb3000-7f8d5bbb5000 rw-p 0000c000 08:02 3545762                    /usr/lib/jvm/java-10-oracle/lib/libverify.so
7f8d5bbb5000-7f8d5bbbc000 r-xp 00000000 08:02 6427371                    /lib/x86_64-linux-gnu/librt-2.27.so
7f8d5bbbc000-7f8d5bdbb000 ---p 00007000 08:02 6427371                    /lib/x86_64-linux-gnu/librt-2.27.so
7f8d5bdbb000-7f8d5bdbc000 r--p 00006000 08:02 6427371                    /lib/x86_64-linux-gnu/librt-2.27.so
7f8d5bdbc000-7f8d5bdbd000 rw-p 00007000 08:02 6427371                    /lib/x86_64-linux-gnu/librt-2.27.so
7f8d5bdbd000-7f8d5bf5a000 r-xp 00000000 08:02 6427293                    /lib/x86_64-linux-gnu/libm-2.27.so
7f8d5bf5a000-7f8d5c159000 ---p 0019d000 08:02 6427293                    /lib/x86_64-linux-gnu/libm-2.27.so
7f8d5c159000-7f8d5c15a000 r--p 0019c000 08:02 6427293                    /lib/x86_64-linux-gnu/libm-2.27.so
7f8d5c15a000-7f8d5c15b000 rw-p 0019d000 08:02 6427293                    /lib/x86_64-linux-gnu/libm-2.27.so
7f8d5c15b000-7f8d5d246000 r-xp 00000000 08:02 3545717                    /usr/lib/jvm/java-10-oracle/lib/server/libjvm.so
7f8d5d246000-7f8d5d445000 ---p 010eb000 08:02 3545717                    /usr/lib/jvm/java-10-oracle/lib/server/libjvm.so
7f8d5d445000-7f8d5d525000 r--p 010ea000 08:02 3545717                    /usr/lib/jvm/java-10-oracle/lib/server/libjvm.so
7f8d5d525000-7f8d5d55f000 rw-p 011ca000 08:02 3545717                    /usr/lib/jvm/java-10-oracle/lib/server/libjvm.so
7f8d5d55f000-7f8d5d5c9000 rw-p 00000000 00:00 0 
7f8d5d5c9000-7f8d5d7b0000 r-xp 00000000 08:02 6427230                    /lib/x86_64-linux-gnu/libc-2.27.so
7f8d5d7b0000-7f8d5d9b0000 ---p 001e7000 08:02 6427230                    /lib/x86_64-linux-gnu/libc-2.27.so
7f8d5d9b0000-7f8d5d9b4000 r--p 001e7000 08:02 6427230                    /lib/x86_64-linux-gnu/libc-2.27.so
7f8d5d9b4000-7f8d5d9b6000 rw-p 001eb000 08:02 6427230                    /lib/x86_64-linux-gnu/libc-2.27.so
7f8d5d9b6000-7f8d5d9ba000 rw-p 00000000 00:00 0 
7f8d5d9ba000-7f8d5d9bd000 r-xp 00000000 08:02 6427253                    /lib/x86_64-linux-gnu/libdl-2.27.so
7f8d5d9bd000-7f8d5dbbc000 ---p 00003000 08:02 6427253                    /lib/x86_64-linux-gnu/libdl-2.27.so
7f8d5dbbc000-7f8d5dbbd000 r--p 00002000 08:02 6427253                    /lib/x86_64-linux-gnu/libdl-2.27.so
7f8d5dbbd000-7f8d5dbbe000 rw-p 00003000 08:02 6427253                    /lib/x86_64-linux-gnu/libdl-2.27.so
7f8d5dbbe000-7f8d5dbcc000 r-xp 00000000 08:02 3545704                    /usr/lib/jvm/java-10-oracle/lib/jli/libjli.so
7f8d5dbcc000-7f8d5ddcc000 ---p 0000e000 08:02 3545704                    /usr/lib/jvm/java-10-oracle/lib/jli/libjli.so
7f8d5ddcc000-7f8d5ddcd000 rw-p 0000e000 08:02 3545704                    /usr/lib/jvm/java-10-oracle/lib/jli/libjli.so
7f8d5ddcd000-7f8d5dde7000 r-xp 00000000 08:02 6427363                    /lib/x86_64-linux-gnu/libpthread-2.27.so
7f8d5dde7000-7f8d5dfe6000 ---p 0001a000 08:02 6427363                    /lib/x86_64-linux-gnu/libpthread-2.27.so
7f8d5dfe6000-7f8d5dfe7000 r--p 00019000 08:02 6427363                    /lib/x86_64-linux-gnu/libpthread-2.27.so
7f8d5dfe7000-7f8d5dfe8000 rw-p 0001a000 08:02 6427363                    /lib/x86_64-linux-gnu/libpthread-2.27.so
7f8d5dfe8000-7f8d5dfec000 rw-p 00000000 00:00 0 
7f8d5dfec000-7f8d5e008000 r-xp 00000000 08:02 6427402                    /lib/x86_64-linux-gnu/libz.so.1.2.11
7f8d5e008000-7f8d5e207000 ---p 0001c000 08:02 6427402                    /lib/x86_64-linux-gnu/libz.so.1.2.11
7f8d5e207000-7f8d5e208000 r--p 0001b000 08:02 6427402                    /lib/x86_64-linux-gnu/libz.so.1.2.11
7f8d5e208000-7f8d5e209000 rw-p 0001c000 08:02 6427402                    /lib/x86_64-linux-gnu/libz.so.1.2.11
7f8d5e209000-7f8d5e230000 r-xp 00000000 08:02 6427202                    /lib/x86_64-linux-gnu/ld-2.27.so
7f8d5e24e000-7f8d5e310000 rw-p 00000000 00:00 0 
7f8d5e310000-7f8d5e317000 ---p 00000000 00:00 0 
7f8d5e317000-7f8d5e31b000 ---p 00000000 00:00 0 
7f8d5e31b000-7f8d5e41c000 rw-p 00000000 00:00 0 
7f8d5e421000-7f8d5e424000 r--p 00000000 08:02 4080389                    /home/computerscience/.config/dconf/user
7f8d5e424000-7f8d5e425000 r--s 00000000 00:36 35                         /run/user/1001/snap.eclipse/dconf/user
7f8d5e425000-7f8d5e426000 rw-p 00000000 00:00 0 
7f8d5e426000-7f8d5e42e000 rw-s 00000000 08:02 7215928                    /tmp/hsperfdata_computerscience/2620
7f8d5e42e000-7f8d5e42f000 ---p 00000000 00:00 0 
7f8d5e42f000-7f8d5e430000 r--p 00000000 00:00 0 
7f8d5e430000-7f8d5e431000 r--p 00027000 08:02 6427202                    /lib/x86_64-linux-gnu/ld-2.27.so
7f8d5e431000-7f8d5e432000 rw-p 00028000 08:02 6427202                    /lib/x86_64-linux-gnu/ld-2.27.so
7f8d5e432000-7f8d5e433000 rw-p 00000000 00:00 0 
7ffdfcb7c000-7ffdfcb9d000 rw-p 00000000 00:00 0                          [stack]
7ffdfcba5000-7ffdfcba8000 r--p 00000000 00:00 0                          [vvar]
7ffdfcba8000-7ffdfcbaa000 r-xp 00000000 00:00 0                          [vdso]
ffffffffff600000-ffffffffff601000 r-xp 00000000 00:00 0                  [vsyscall]


VM Arguments:
jvm_args: -Dfile.encoding=UTF-8 
java_command: frogger.Runner
java_class_path (initial): /home/computerscience/eclipse-workspace/frogger/bin
Launcher Type: SUN_STANDARD

Logging:
Log output configuration:
#0: stdout all=warning uptime,level,tags
#1: stderr all=off uptime,level,tags

Environment Variables:
JAVA_HOME=/usr/lib/jvm/java-10-oracle
PATH=/usr/local/sbin:/usr/local/bin:/usr/sbin:/usr/bin:/sbin:/bin:/usr/games:/usr/local/games:/snap/bin:/usr/lib/jvm/java-10-oracle/bin:/usr/lib/jvm/java-10-oracle/db/bin
USERNAME=computerscience
SHELL=/bin/bash
DISPLAY=:0

Signal Handlers:
SIGSEGV: [libjvm.so+0xdf61c0], sa_mask[0]=11111111011111111101111111111110, sa_flags=SA_RESTART|SA_SIGINFO
SIGBUS: [libjvm.so+0xdf61c0], sa_mask[0]=11111111011111111101111111111110, sa_flags=SA_RESTART|SA_SIGINFO
SIGFPE: [libjvm.so+0xdf61c0], sa_mask[0]=11111111011111111101111111111110, sa_flags=SA_RESTART|SA_SIGINFO
SIGPIPE: SIG_IGN, sa_mask[0]=00000000000010000000000000000000, sa_flags=SA_RESTART
SIGXFSZ: [libjvm.so+0xbfbe20], sa_mask[0]=11111111011111111101111111111110, sa_flags=SA_RESTART|SA_SIGINFO
SIGILL: [libjvm.so+0xdf61c0], sa_mask[0]=11111111011111111101111111111110, sa_flags=SA_RESTART|SA_SIGINFO
SIGUSR2: [libjvm.so+0xbfc1b0], sa_mask[0]=00100000000000000000000000000000, sa_flags=SA_RESTART|SA_SIGINFO
SIGHUP: [libjvm.so+0xbfc140], sa_mask[0]=11111111011111111101111111111110, sa_flags=SA_RESTART|SA_SIGINFO
SIGINT: [libjvm.so+0xbfc140], sa_mask[0]=11111111011111111101111111111110, sa_flags=SA_RESTART|SA_SIGINFO
SIGTERM: [libjvm.so+0xbfc140], sa_mask[0]=11111111011111111101111111111110, sa_flags=SA_RESTART|SA_SIGINFO
SIGQUIT: [libjvm.so+0xbfc140], sa_mask[0]=11111111011111111101111111111110, sa_flags=SA_RESTART|SA_SIGINFO


---------------  S Y S T E M  ---------------

OS:DISTRIB_ID=Ubuntu
DISTRIB_RELEASE=18.04
DISTRIB_CODENAME=bionic
DISTRIB_DESCRIPTION="Ubuntu 18.04.1 LTS"
uname:Linux 4.15.0-22-generic #24-Ubuntu SMP Wed May 16 12:15:17 UTC 2018 x86_64
libc:glibc 2.27 NPTL 2.27 
rlimit: STACK 8192k, CORE 0k, NPROC 30337, NOFILE 1048576, AS infinity, DATA infinity, FSIZE infinity
load average:1.33 0.61 0.24

/proc/meminfo:
MemTotal:        8053956 kB
MemFree:         5112552 kB
MemAvailable:    5914416 kB
Buffers:          170176 kB
Cached:          1093464 kB
SwapCached:            0 kB
Active:          1864752 kB
Inactive:         853304 kB
Active(anon):    1455876 kB
Inactive(anon):   267724 kB
Active(file):     408876 kB
Inactive(file):   585580 kB
Unevictable:          16 kB
Mlocked:              16 kB
SwapTotal:       2097148 kB
SwapFree:        2097148 kB
Dirty:               488 kB
Writeback:             0 kB
AnonPages:       1454692 kB
Mapped:           295516 kB
Shmem:            269024 kB
Slab:             110072 kB
SReclaimable:      57468 kB
SUnreclaim:        52604 kB
KernelStack:       10624 kB
PageTables:        41104 kB
NFS_Unstable:          0 kB
Bounce:                0 kB
WritebackTmp:          0 kB
CommitLimit:     6124124 kB
Committed_AS:    5283880 kB
VmallocTotal:   34359738367 kB
VmallocUsed:           0 kB
VmallocChunk:          0 kB
HardwareCorrupted:     0 kB
AnonHugePages:         0 kB
ShmemHugePages:        0 kB
ShmemPmdMapped:        0 kB
CmaTotal:              0 kB
CmaFree:               0 kB
HugePages_Total:       0
HugePages_Free:        0
HugePages_Rsvd:        0
HugePages_Surp:        0
Hugepagesize:       2048 kB
DirectMap4k:      149904 kB
DirectMap2M:     4978688 kB
DirectMap1G:     3145728 kB

container (cgroup) information:
container_type: cgroupv1
cpu_cpuset_cpus: 0-3
cpu_memory_nodes: 0
active_processor_count: 4
cpu_quota: -1
cpu_period: 100000
cpu_shares: -1
memory_limit_in_bytes: -1
memory_and_swap_limit_in_bytes: -2
memory_soft_limit_in_bytes: -1
memory_usage_in_bytes: 2784309248
memory_max_usage_in_bytes: 0


CPU:total 4 (initial active 4) (4 cores per cpu, 1 threads per core) family 6 model 60 stepping 3, cmov, cx8, fxsr, mmx, sse, sse2, sse3, ssse3, sse4.1, sse4.2, popcnt, avx, avx2, aes, clmul, erms, lzcnt, tsc, tscinvbit, bmi1, bmi2, fma
CPU Model and flags from /proc/cpuinfo:
model name	: Intel(R) Core(TM) i5-4430 CPU @ 3.00GHz
flags		: fpu vme de pse tsc msr pae mce cx8 apic sep mtrr pge mca cmov pat pse36 clflush dts acpi mmx fxsr sse sse2 ss ht tm pbe syscall nx pdpe1gb rdtscp lm constant_tsc arch_perfmon pebs bts rep_good nopl xtopology nonstop_tsc cpuid aperfmperf pni pclmulqdq dtes64 monitor ds_cpl vmx est tm2 ssse3 sdbg fma cx16 xtpr pdcm pcid sse4_1 sse4_2 x2apic movbe popcnt aes xsave avx f16c rdrand lahf_lm abm cpuid_fault invpcid_single pti tpr_shadow vnmi flexpriority ept vpid fsgsbase tsc_adjust bmi1 avx2 smep bmi2 erms invpcid xsaveopt dtherm ida arat pln pts

Memory: 4k page, physical 8053956k(5112552k free), swap 2097148k(2097148k free)

vm_info: Java HotSpot(TM) 64-Bit Server VM (10.0.1+10) for linux-amd64 JRE (10.0.1+10), built on Mar 26 2018 18:14:41 by "mach5one" with gcc 4.9.2

END.
